<?xml version="1.0" encoding="UTF-8"?>
<!-- Generated by org.testng.reporters.JUnitReportReporter -->
<testsuite hostname="MSDT081" failures="0" tests="2" name="Pages.Login_Page" time="6.387" errors="0" timestamp="2022-02-03T19:32:15 IST" skipped="0">
  <testcase classname="Pages.Login_Page" name="forgetpass" time="1.231"/>
  <system-out/>
  <testcase classname="Pages.Login_Page" name="Login" time="5.156"/>
  <system-out/>
</testsuite> <!-- Pages.Login_Page -->
